<?xml version="1.0" encoding="UTF-8"?>
<!-- Generated by org.testng.reporters.JUnitXMLReporter -->
<testsuite ignored="0" hostname="PREMs_laptop" failures="1" tests="1" name="Default test" time="0.776" errors="0" timestamp="2024-12-25T17:07:53 IST">
  <testcase classname="io.cucumber.testng.AbstractTestNGCucumberTests" name="runScenario" time="0.208">
    <failure type="java.lang.NullPointerException" message="Cannot invoke &amp;quot;org.openqa.selenium.WebElement.sendKeys(java.lang.CharSequence[])&amp;quot; because &amp;quot;shriramgi.com.testshriram.LoginPage.enteryourName&amp;quot; is null">
      <![CDATA[java.lang.NullPointerException: Cannot invoke "org.openqa.selenium.WebElement.sendKeys(java.lang.CharSequence[])" because "shriramgi.com.testshriram.LoginPage.enteryourName" is null
at shriramgi.com.testshriram.StepDefinitionFile.userEnterTheName(StepDefinitionFile.java:29)
at ✽.User Enter the Name(file:///C:/Users/gokul/eclipse-workspace/testshriram/src/test/java/Features/login.feature:7)
]]>
    </failure>
  </testcase> <!-- runScenario -->
</testsuite> <!-- Default test -->
