<?xml version="1.0" encoding="UTF-8"?>
<testng-results ignored="0" total="2" passed="2" failed="0" skipped="0">
  <reporter-output>
  </reporter-output>
  <suite started-at="2024-12-13T23:04:18 IST" name="Default suite" finished-at="2024-12-13T23:04:44 IST" duration-ms="25980">
    <groups>
      <group name="cucumber">
        <method signature="AbstractTestNGCucumberTests.runScenario(io.cucumber.testng.PickleWrapper,io.cucumber.testng.FeatureWrapper)[pri:0, instance:practice.pom.org.cucumbertest.test@5542c4ed]" name="runScenario" class="io.cucumber.testng.AbstractTestNGCucumberTests"/>
      </group> <!-- cucumber -->
    </groups>
    <test started-at="2024-12-13T23:04:18 IST" name="Default test" finished-at="2024-12-13T23:04:44 IST" duration-ms="25980">
      <class name="practice.pom.org.cucumbertest.test">
        <test-method is-config="true" signature="setUpClass(org.testng.ITestContext)[pri:0, instance:practice.pom.org.cucumbertest.test@5542c4ed]" started-at="2024-12-13T23:04:18 IST" name="setUpClass" finished-at="2024-12-13T23:04:18 IST" duration-ms="235" status="PASS">
          <params>
            <param index="0">
              <value>
                <![CDATA[org.testng.TestRunner@5d1e09bc]]>
              </value>
            </param>
          </params>
          <reporter-output>
          </reporter-output>
        </test-method> <!-- setUpClass -->
        <test-method signature="runScenario(io.cucumber.testng.PickleWrapper,io.cucumber.testng.FeatureWrapper)[pri:0, instance:practice.pom.org.cucumbertest.test@5542c4ed]" started-at="2024-12-13T23:04:18 IST" name="runScenario" description="Runs Cucumber Scenarios" data-provider="scenarios" finished-at="2024-12-13T23:04:32 IST" duration-ms="13157" status="PASS">
          <params>
            <param index="0">
              <value>
                <![CDATA["different user should login and then add the books they wants"]]>
              </value>
            </param>
            <param index="1">
              <value>
                <![CDATA["Check the functionality of add to cart"]]>
              </value>
            </param>
          </params>
          <reporter-output>
          </reporter-output>
        </test-method> <!-- runScenario -->
        <test-method signature="runScenario(io.cucumber.testng.PickleWrapper,io.cucumber.testng.FeatureWrapper)[pri:0, instance:practice.pom.org.cucumbertest.test@5542c4ed]" started-at="2024-12-13T23:04:32 IST" name="runScenario" description="Runs Cucumber Scenarios" data-provider="scenarios" finished-at="2024-12-13T23:04:44 IST" duration-ms="12558" status="PASS">
          <params>
            <param index="0">
              <value>
                <![CDATA["different user should login and then add the books they wants"]]>
              </value>
            </param>
            <param index="1">
              <value>
                <![CDATA["Check the functionality of add to cart"]]>
              </value>
            </param>
          </params>
          <reporter-output>
          </reporter-output>
        </test-method> <!-- runScenario -->
        <test-method is-config="true" signature="tearDownClass()[pri:0, instance:practice.pom.org.cucumbertest.test@5542c4ed]" started-at="2024-12-13T23:04:44 IST" name="tearDownClass" finished-at="2024-12-13T23:04:44 IST" duration-ms="1" status="PASS">
          <reporter-output>
          </reporter-output>
        </test-method> <!-- tearDownClass -->
      </class> <!-- practice.pom.org.cucumbertest.test -->
    </test> <!-- Default test -->
  </suite> <!-- Default suite -->
</testng-results>
