<?xml version="1.0" encoding="UTF-8"?>
<testng-results ignored="0" total="1" passed="1" failed="0" skipped="0">
  <reporter-output>
  </reporter-output>
  <suite started-at="2024-12-01T11:42:33 IST" name="Default suite" finished-at="2024-12-01T11:42:41 IST" duration-ms="8382">
    <groups>
    </groups>
    <test started-at="2024-12-01T11:42:33 IST" name="Default test" finished-at="2024-12-01T11:42:41 IST" duration-ms="8382">
      <class name="test.v1.org.practice.table">
        <test-method signature="test1()[pri:0, instance:test.v1.org.practice.table@57a3af25]" started-at="2024-12-01T11:42:33 IST" name="test1" finished-at="2024-12-01T11:42:41 IST" duration-ms="8352" status="PASS">
          <reporter-output>
          </reporter-output>
        </test-method> <!-- test1 -->
      </class> <!-- test.v1.org.practice.table -->
    </test> <!-- Default test -->
  </suite> <!-- Default suite -->
</testng-results>
