<?xml version="1.0" encoding="UTF-8"?>
<testng-results ignored="0" total="2" passed="2" failed="0" skipped="0">
  <reporter-output>
  </reporter-output>
  <suite started-at="2024-12-02T22:19:05 IST" name="Default suite" finished-at="2024-12-02T22:19:50 IST" duration-ms="44917">
    <groups>
    </groups>
    <test started-at="2024-12-02T22:19:05 IST" name="Default test" finished-at="2024-12-02T22:19:50 IST" duration-ms="44917">
      <class name="practice.pom.org.pom.Testclass">
        <test-method is-config="true" signature="openApp()[pri:0, instance:practice.pom.org.pom.Testclass@327514f]" started-at="2024-12-02T22:19:06 IST" name="openApp" finished-at="2024-12-02T22:19:23 IST" duration-ms="16271" status="PASS">
          <reporter-output>
          </reporter-output>
        </test-method> <!-- openApp -->
        <test-method signature="loginPagedata([Ljava.lang.String;)[pri:0, instance:practice.pom.org.pom.Testclass@327514f]" started-at="2024-12-02T22:19:23 IST" name="loginPagedata" data-provider="data" finished-at="2024-12-02T22:19:24 IST" duration-ms="1745" status="PASS">
          <params>
            <param index="0">
              <value>
                <![CDATA[[Ljava.lang.String;@6eaa21d8]]>
              </value>
            </param>
          </params>
          <reporter-output>
          </reporter-output>
        </test-method> <!-- loginPagedata -->
        <test-method is-config="true" signature="openApp()[pri:0, instance:practice.pom.org.pom.Testclass@327514f]" started-at="2024-12-02T22:19:24 IST" name="openApp" finished-at="2024-12-02T22:19:49 IST" duration-ms="25026" status="PASS">
          <reporter-output>
          </reporter-output>
        </test-method> <!-- openApp -->
        <test-method signature="loginPagedata([Ljava.lang.String;)[pri:0, instance:practice.pom.org.pom.Testclass@327514f]" started-at="2024-12-02T22:19:49 IST" name="loginPagedata" data-provider="data" finished-at="2024-12-02T22:19:50 IST" duration-ms="648" status="PASS">
          <params>
            <param index="0">
              <value>
                <![CDATA[[Ljava.lang.String;@3157e4c0]]>
              </value>
            </param>
          </params>
          <reporter-output>
          </reporter-output>
        </test-method> <!-- loginPagedata -->
        <test-method is-config="true" signature="closeSetUp()[pri:0, instance:practice.pom.org.pom.Testclass@327514f]" started-at="2024-12-02T22:19:50 IST" name="closeSetUp" finished-at="2024-12-02T22:19:50 IST" duration-ms="206" status="PASS">
          <reporter-output>
          </reporter-output>
        </test-method> <!-- closeSetUp -->
      </class> <!-- practice.pom.org.pom.Testclass -->
    </test> <!-- Default test -->
  </suite> <!-- Default suite -->
</testng-results>
