<?xml version="1.0" encoding="UTF-8"?>
<testng-results ignored="0" total="1" passed="1" failed="0" skipped="0">
  <reporter-output>
  </reporter-output>
  <suite started-at="2024-12-04T21:20:32 IST" name="Default suite" finished-at="2024-12-04T21:20:43 IST" duration-ms="11020">
    <groups>
    </groups>
    <test started-at="2024-12-04T21:20:32 IST" name="Default test" finished-at="2024-12-04T21:20:43 IST" duration-ms="11020">
      <class name="pom.org.pomtest1.TestClass">
        <test-method is-config="true" signature="chromeSetUp()[pri:0, instance:pom.org.pomtest1.TestClass@4218d6a3]" started-at="2024-12-04T21:20:32 IST" name="chromeSetUp" finished-at="2024-12-04T21:20:41 IST" duration-ms="8570" status="PASS">
          <reporter-output>
          </reporter-output>
        </test-method> <!-- chromeSetUp -->
        <test-method signature="executeTC1()[pri:0, instance:pom.org.pomtest1.TestClass@4218d6a3]" started-at="2024-12-04T21:20:41 IST" name="executeTC1" finished-at="2024-12-04T21:20:43 IST" duration-ms="2174" status="PASS">
          <reporter-output>
          </reporter-output>
        </test-method> <!-- executeTC1 -->
        <test-method is-config="true" signature="Close()[pri:0, instance:pom.org.pomtest1.TestClass@4218d6a3]" started-at="2024-12-04T21:20:43 IST" name="Close" finished-at="2024-12-04T21:20:43 IST" duration-ms="225" status="PASS">
          <reporter-output>
          </reporter-output>
        </test-method> <!-- Close -->
      </class> <!-- pom.org.pomtest1.TestClass -->
    </test> <!-- Default test -->
  </suite> <!-- Default suite -->
</testng-results>
