<?xml version="1.0" encoding="UTF-8"?>
<testng-results ignored="0" total="1" passed="1" failed="0" skipped="0">
  <reporter-output>
  </reporter-output>
  <suite started-at="2024-10-22T23:18:43 IST" name="Default suite" finished-at="2024-10-22T23:18:44 IST" duration-ms="1057">
    <groups>
    </groups>
    <test started-at="2024-10-22T23:18:43 IST" name="Default test" finished-at="2024-10-22T23:18:44 IST" duration-ms="1057">
      <class name="testNG.Testng1.DataproviderIntegrationWithExcel">
        <test-method signature="getdata()[pri:0, instance:testNG.Testng1.DataproviderIntegrationWithExcel@2b662a77]" started-at="2024-10-22T23:18:43 IST" name="getdata" finished-at="2024-10-22T23:18:44 IST" duration-ms="1009" status="PASS">
          <reporter-output>
          </reporter-output>
        </test-method> <!-- getdata -->
      </class> <!-- testNG.Testng1.DataproviderIntegrationWithExcel -->
    </test> <!-- Default test -->
  </suite> <!-- Default suite -->
</testng-results>
