<?xml version="1.0" encoding="UTF-8"?>
<!-- Generated by org.testng.reporters.JUnitXMLReporter -->
<testsuite ignored="3" hostname="PREMs_laptop" failures="0" tests="1" name="groups" time="0.114" errors="0" timestamp="2024-10-05T17:36:15 IST">
  <testcase classname="testNG.Testng1.groups" name="signOut" time="0.027"/>
  <testcase classname="testNG.Testng1.groups" name="signOut1" time="0.0">
    <ignored/>
  </testcase> <!-- signOut1 -->
  <testcase classname="testNG.Testng1.groups" name="login" time="0.0">
    <ignored/>
  </testcase> <!-- login -->
  <testcase classname="testNG.Testng1.groups" name="validData" time="0.0">
    <ignored/>
  </testcase> <!-- validData -->
</testsuite> <!-- groups -->
