<?xml version="1.0" encoding="UTF-8"?>
<!-- Generated by org.testng.reporters.JUnitXMLReporter -->
<testsuite ignored="0" hostname="PREMs_laptop" failures="1" tests="3" name="Test" time="16.712" errors="0" timestamp="2024-10-19T20:49:30 IST">
  <testcase classname="testNG.Testng1.DataProvider1" name="DataproviderCheck" time="14.783"/>
  <testcase classname="testNG.Testng1.DataProvider1" name="DataproviderCheck" time="16.653"/>
  <testcase classname="testNG.Testng1.DataProviderExecution" name="dataexe" time="0.0">
    <failure type="org.testng.TestNGException" message="
Method void testNG.Testng1.DataProviderExecution.dataexe(java.lang.String[]) requires a @DataProvider named : PREM">
      <![CDATA[org.testng.TestNGException: 
Method void testNG.Testng1.DataProviderExecution.dataexe(java.lang.String[]) requires a @DataProvider named : PREM
at java.base/java.util.ArrayList.forEach(ArrayList.java:1597)
... Removed 24 stack frames]]>
    </failure>
  </testcase> <!-- dataexe -->
</testsuite> <!-- Test -->
