<?xml version="1.0" encoding="UTF-8"?>
<testng-results ignored="0" total="1" passed="0" failed="1" skipped="0">
  <reporter-output>
  </reporter-output>
  <suite started-at="2024-12-25T17:07:53 IST" name="Default suite" finished-at="2024-12-25T17:07:53 IST" duration-ms="776">
    <groups>
      <group name="cucumber">
        <method signature="AbstractTestNGCucumberTests.runScenario(io.cucumber.testng.PickleWrapper,io.cucumber.testng.FeatureWrapper)[pri:0, instance:shriramgi.com.testshriram.Runnerfile@302552ec]" name="runScenario" class="io.cucumber.testng.AbstractTestNGCucumberTests"/>
      </group> <!-- cucumber -->
    </groups>
    <test started-at="2024-12-25T17:07:53 IST" name="Default test" finished-at="2024-12-25T17:07:53 IST" duration-ms="776">
      <class name="shriramgi.com.testshriram.Runnerfile">
        <test-method is-config="true" signature="setUpClass(org.testng.ITestContext)[pri:0, instance:shriramgi.com.testshriram.Runnerfile@302552ec]" started-at="2024-12-25T17:07:53 IST" name="setUpClass" finished-at="2024-12-25T17:07:53 IST" duration-ms="511" status="PASS">
          <params>
            <param index="0">
              <value>
                <![CDATA[org.testng.TestRunner@435fb7b5]]>
              </value>
            </param>
          </params>
          <reporter-output>
          </reporter-output>
        </test-method> <!-- setUpClass -->
        <test-method signature="runScenario(io.cucumber.testng.PickleWrapper,io.cucumber.testng.FeatureWrapper)[pri:0, instance:shriramgi.com.testshriram.Runnerfile@302552ec]" started-at="2024-12-25T17:07:53 IST" name="runScenario" description="Runs Cucumber Scenarios" data-provider="scenarios" finished-at="2024-12-25T17:07:53 IST" duration-ms="208" status="FAIL">
          <params>
            <param index="0">
              <value>
                <![CDATA["User choose the Signup."]]>
              </value>
            </param>
            <param index="1">
              <value>
                <![CDATA["Check the login functionality features"]]>
              </value>
            </param>
          </params>
          <exception class="java.lang.NullPointerException">
            <message>
              <![CDATA[Cannot invoke "org.openqa.selenium.WebElement.sendKeys(java.lang.CharSequence[])" because "shriramgi.com.testshriram.LoginPage.enteryourName" is null]]>
            </message>
            <full-stacktrace>
              <![CDATA[java.lang.NullPointerException: Cannot invoke "org.openqa.selenium.WebElement.sendKeys(java.lang.CharSequence[])" because "shriramgi.com.testshriram.LoginPage.enteryourName" is null
at shriramgi.com.testshriram.StepDefinitionFile.userEnterTheName(StepDefinitionFile.java:29)
at ✽.User Enter the Name(file:///C:/Users/gokul/eclipse-workspace/testshriram/src/test/java/Features/login.feature:7)
]]>
            </full-stacktrace>
          </exception> <!-- java.lang.NullPointerException -->
          <reporter-output>
          </reporter-output>
        </test-method> <!-- runScenario -->
        <test-method is-config="true" signature="tearDownClass()[pri:0, instance:shriramgi.com.testshriram.Runnerfile@302552ec]" started-at="2024-12-25T17:07:53 IST" name="tearDownClass" finished-at="2024-12-25T17:07:53 IST" duration-ms="3" status="PASS">
          <reporter-output>
          </reporter-output>
        </test-method> <!-- tearDownClass -->
      </class> <!-- shriramgi.com.testshriram.Runnerfile -->
    </test> <!-- Default test -->
  </suite> <!-- Default suite -->
</testng-results>
