<?xml version="1.0" encoding="UTF-8"?>
<!-- Generated by org.testng.reporters.JUnitReportReporter -->
<testsuite hostname="PREMs_laptop" failures="0" tests="1" name="shriramgi.com.testshriram.Runnerfile" time="0.208" errors="1" timestamp="2024-12-25T17:07:53 IST" skipped="0">
  <testcase classname="shriramgi.com.testshriram.Runnerfile" name="runScenario" time="0.208">
    <error message="Cannot invoke &quot;org.openqa.selenium.WebElement.sendKeys(java.lang.CharSequence[])&quot; because &quot;shriramgi.com.testshriram.LoginPage.enteryourName&quot; is null" type="java.lang.NullPointerException">
      <![CDATA[java.lang.NullPointerException: Cannot invoke "org.openqa.selenium.WebElement.sendKeys(java.lang.CharSequence[])" because "shriramgi.com.testshriram.LoginPage.enteryourName" is null
at shriramgi.com.testshriram.StepDefinitionFile.userEnterTheName(StepDefinitionFile.java:29)
at ✽.User Enter the Name(file:///C:/Users/gokul/eclipse-workspace/testshriram/src/test/java/Features/login.feature:7)
]]>
    </error>
  </testcase> <!-- runScenario -->
  <system-out/>
</testsuite> <!-- shriramgi.com.testshriram.Runnerfile -->
